<?xml version="1.0" encoding="UTF-8"?>
<!-- Generated by org.testng.reporters.JUnitReportReporter -->
<testsuite hostname="Dipali" failures="0" tests="4" name="com.tech.test.loginTest.login" time="0.667" errors="0" timestamp="2023-07-13T15:20:24 IST" skipped="0">
  <testcase classname="com.tech.test.loginTest.login" name="tech001" time="0.181"/>
  <testcase classname="com.tech.test.loginTest.login" name="tech001" time="0.184"/>
  <testcase classname="com.tech.test.loginTest.login" name="tech001" time="0.152"/>
  <testcase classname="com.tech.test.loginTest.login" name="tech001" time="0.150"/>
</testsuite> <!-- com.tech.test.loginTest.login -->
